# JRE version: Java(TM) SE Runtime Environment (17.0.9+11) (build 17.0.9+11-LTS-201)
# Java VM: Java HotSpot(TM) 64-Bit Server VM (17.0.9+11-LTS-201, mixed mode, sharing, tiered, compressed oops, compressed class ptrs, g1 gc, windows-amd64)
GC Precious Log:
 CPUs: 4 total, 4 available
 Memory: 8071M
 Large Page Support: Disabled
 NUMA Support: Disabled
 Compressed Oops: Enabled (32-bit)
 Heap Region Size: 1M
 Heap Min Capacity: 8M
 Heap Initial Capacity: 128M
 Heap Max Capacity: 2018M
 Pre-touch: Disabled
 Parallel Workers: 4
 Concurrent Workers: 1
 Concurrent Refinement Workers: 4
 Periodic GC: Disabled
Heap:
 garbage-first heap   total 81920K, used 21879K [0x0000000081e00000, 0x0000000100000000)
  region size 1024K, 3 young (3072K), 3 survivors (3072K)
 Metaspace       used 48870K, committed 49152K, reserved 1114112K
  class space    used 6557K, committed 6720K, reserved 1048576K
GC Heap History (20 events):
Event: 2.918 GC heap after
{Heap after GC invocations=2 (full 0):
 garbage-first heap   total 131072K, used 7752K [0x0000000081e00000, 0x0000000100000000)
  region size 1024K, 1 young (1024K), 1 survivors (1024K)
 Metaspace       used 5387K, committed 5504K, reserved 1114112K
  class space    used 598K, committed 640K, reserved 1048576K
}
Event: 4.166 GC heap before
{Heap before GC invocations=2 (full 0):
 garbage-first heap   total 131072K, used 30280K [0x0000000081e00000, 0x0000000100000000)
  region size 1024K, 24 young (24576K), 1 survivors (1024K)
 Metaspace       used 11533K, committed 11712K, reserved 1114112K
  class space    used 1507K, committed 1600K, reserved 1048576K
}
Event: 4.172 GC heap after
{Heap after GC invocations=3 (full 0):
 garbage-first heap   total 131072K, used 9277K [0x0000000081e00000, 0x0000000100000000)
  region size 1024K, 3 young (3072K), 3 survivors (3072K)
 Metaspace       used 11533K, committed 11712K, reserved 1114112K
  class space    used 1507K, committed 1600K, reserved 1048576K
}
Event: 5.883 GC heap before
{Heap before GC invocations=3 (full 0):
 garbage-first heap   total 131072K, used 55357K [0x0000000081e00000, 0x0000000100000000)
  region size 1024K, 50 young (51200K), 3 survivors (3072K)
 Metaspace       used 21266K, committed 21504K, reserved 1114112K
  class space    used 2661K, committed 2752K, reserved 1048576K
}
Event: 5.894 GC heap after
{Heap after GC invocations=4 (full 0):
 garbage-first heap   total 131072K, used 12580K [0x0000000081e00000, 0x0000000100000000)
  region size 1024K, 6 young (6144K), 6 survivors (6144K)
 Metaspace       used 21266K, committed 21504K, reserved 1114112K
  class space    used 2661K, committed 2752K, reserved 1048576K
}
Event: 7.313 GC heap before
{Heap before GC invocations=5 (full 0):
 garbage-first heap   total 51200K, used 40228K [0x0000000081e00000, 0x0000000100000000)
  region size 1024K, 34 young (34816K), 6 survivors (6144K)
 Metaspace       used 25351K, committed 25600K, reserved 1114112K
  class space    used 3218K, committed 3328K, reserved 1048576K
}
Event: 7.329 GC heap after
{Heap after GC invocations=6 (full 0):
 garbage-first heap   total 51200K, used 15049K [0x0000000081e00000, 0x0000000100000000)
  region size 1024K, 8 young (8192K), 8 survivors (8192K)
 Metaspace       used 25351K, committed 25600K, reserved 1114112K
  class space    used 3218K, committed 3328K, reserved 1048576K
}
Event: 7.355 GC heap before
{Heap before GC invocations=6 (full 0):
 garbage-first heap   total 51200K, used 16073K [0x0000000081e00000, 0x0000000100000000)
  region size 1024K, 9 young (9216K), 8 survivors (8192K)
 Metaspace       used 25412K, committed 25664K, reserved 1114112K
  class space    used 3222K, committed 3328K, reserved 1048576K
}
Event: 7.372 GC heap after
{Heap after GC invocations=7 (full 0):
 garbage-first heap   total 51200K, used 15193K [0x0000000081e00000, 0x0000000100000000)
  region size 1024K, 1 young (1024K), 1 survivors (1024K)
 Metaspace       used 25412K, committed 25664K, reserved 1114112K
  class space    used 3222K, committed 3328K, reserved 1048576K
}
Event: 8.320 GC heap before
{Heap before GC invocations=7 (full 0):
 garbage-first heap   total 51200K, used 35673K [0x0000000081e00000, 0x0000000100000000)
  region size 1024K, 21 young (21504K), 1 survivors (1024K)
 Metaspace       used 27196K, committed 27584K, reserved 1114112K
  class space    used 3440K, committed 3648K, reserved 1048576K
}
Event: 8.331 GC heap after
{Heap after GC invocations=8 (full 0):
 garbage-first heap   total 51200K, used 16376K [0x0000000081e00000, 0x0000000100000000)
  region size 1024K, 3 young (3072K), 3 survivors (3072K)
 Metaspace       used 27196K, committed 27584K, reserved 1114112K
  class space    used 3440K, committed 3648K, reserved 1048576K
}
Event: 9.638 GC heap before
{Heap before GC invocations=8 (full 0):
 garbage-first heap   total 51200K, used 36856K [0x0000000081e00000, 0x0000000100000000)
  region size 1024K, 23 young (23552K), 3 survivors (3072K)
 Metaspace       used 33230K, committed 33536K, reserved 1114112K
  class space    used 4169K, committed 4288K, reserved 1048576K
}
Event: 9.650 GC heap after
{Heap after GC invocations=9 (full 0):
 garbage-first heap   total 51200K, used 17906K [0x0000000081e00000, 0x0000000100000000)
  region size 1024K, 2 young (2048K), 2 survivors (2048K)
 Metaspace       used 33230K, committed 33536K, reserved 1114112K
  class space    used 4169K, committed 4288K, reserved 1048576K
}
Event: 10.388 GC heap before
{Heap before GC invocations=9 (full 0):
 garbage-first heap   total 51200K, used 27122K [0x0000000081e00000, 0x0000000100000000)
  region size 1024K, 12 young (12288K), 2 survivors (2048K)
 Metaspace       used 35818K, committed 36096K, reserved 1114112K
  class space    used 4675K, committed 4800K, reserved 1048576K
}
Event: 10.395 GC heap after
{Heap after GC invocations=10 (full 0):
 garbage-first heap   total 51200K, used 18215K [0x0000000081e00000, 0x0000000100000000)
  region size 1024K, 2 young (2048K), 2 survivors (2048K)
 Metaspace       used 35818K, committed 36096K, reserved 1114112K
  class space    used 4675K, committed 4800K, reserved 1048576K
}
Event: 11.589 GC heap before
{Heap before GC invocations=11 (full 0):
 garbage-first heap   total 51200K, used 39719K [0x0000000081e00000, 0x0000000100000000)
  region size 1024K, 23 young (23552K), 2 survivors (2048K)
 Metaspace       used 41130K, committed 41408K, reserved 1114112K
  class space    used 5378K, committed 5504K, reserved 1048576K
}
Event: 11.600 GC heap after
{Heap after GC invocations=12 (full 0):
 garbage-first heap   total 51200K, used 19398K [0x0000000081e00000, 0x0000000100000000)
  region size 1024K, 2 young (2048K), 2 survivors (2048K)
 Metaspace       used 41130K, committed 41408K, reserved 1114112K
  class space    used 5378K, committed 5504K, reserved 1048576K
}
Event: 12.686 GC heap before
{Heap before GC invocations=12 (full 0):
 garbage-first heap   total 51200K, used 38854K [0x0000000081e00000, 0x0000000100000000)
  region size 1024K, 21 young (21504K), 2 survivors (2048K)
 Metaspace       used 45392K, committed 45760K, reserved 1114112K
  class space    used 6095K, committed 6272K, reserved 1048576K
}
Event: 12.698 GC heap after
{Heap after GC invocations=13 (full 0):
 garbage-first heap   total 51200K, used 20126K [0x0000000081e00000, 0x0000000100000000)
  region size 1024K, 2 young (2048K), 2 survivors (2048K)
 Metaspace       used 45392K, committed 45760K, reserved 1114112K
  class space    used 6095K, committed 6272K, reserved 1048576K
}
Event: 13.861 GC heap before
{Heap before GC invocations=13 (full 0):
 garbage-first heap   total 51200K, used 40606K [0x0000000081e00000, 0x0000000100000000)
  region size 1024K, 22 young (22528K), 2 survivors (2048K)
 Metaspace       used 48870K, committed 49152K, reserved 1114112K
  class space    used 6557K, committed 6720K, reserved 1048576K
}

